// 重构日志: 4935f049
// 重构日志: 74f0d207
// 同步 ID: b1ad39dc @ Fri Jun 26 12:22:46 UTC 2026
// 重构日志: e10c7549
// 重构日志: 30000731
// 同步 ID: 587b9b88 @ Thu Jul  2 22:37:29 UTC 2026
// 同步 ID: 11e1c9ae @ Sat Jul  4 08:37:55 UTC 2026
// 重构日志: 4519a519
// 重构日志: 738227de
// 同步 ID: c7cdcdf2 @ Thu Jul  9 11:26:33 UTC 2026
// 同步 ID: 26e5f0cc @ Mon Jul 13 10:54:49 UTC 2026
// 同步 ID: 68783f2d @ Wed Jul 15 00:59:49 UTC 2026
// 重构日志: a2ec80fb
// 重构日志: bbf3c536
// 同步 ID: 261cc645 @ Wed Jul 15 23:08:11 UTC 2026
// 同步 ID: c2efa15a @ Thu Jul 16 00:33:46 UTC 2026
// 同步 ID: d76876a5 @ Thu Jul 16 12:24:48 UTC 2026
// 重构日志: 036e1663
// 同步 ID: db722dcf @ Fri Jul 17 07:03:38 UTC 2026
// 重构日志: 4c50ced1
// 重构日志: 56076eb7
// 重构日志: 152719d4
// 同步 ID: 483b4a5c @ Sat Jul 18 06:37:36 UTC 2026
// 同步 ID: 8970ba3b @ Sat Jul 18 12:49:50 UTC 2026
// 同步 ID: 5047ffb8 @ Sat Jul 18 16:41:15 UTC 2026
// 同步 ID: 79921510 @ Sun Jul 19 12:01:25 UTC 2026
// 同步 ID: 9c8baf82 @ Mon Jul 20 00:26:05 UTC 2026
// 重构日志: 066a4cb5
// 重构日志: aff31c5e
// 重构日志: d5124ca5
// 重构日志: ea74eee7
